# JRE version: OpenJDK Runtime Environment (21.0.6) (build 21.0.6+-13355223-b631.42)
# Java VM: OpenJDK 64-Bit Server VM (21.0.6+-13355223-b631.42, mixed mode, tiered, compressed oops, compressed class ptrs, g1 gc, windows-amd64)
GC Precious Log:
 CardTable entry size: 512
 Card Set container configuration: InlinePtr #cards 5 size 8 Array Of Cards #cards 12 size 40 Howl #buckets 4 coarsen threshold 1843 Howl Bitmap #cards 512 size 80 coarsen threshold 460 Card regions per heap region 1 cards per card region 2048
 CPUs: 4 total, 4 available
 Memory: 11982M
 Large Page Support: Disabled
 NUMA Support: Disabled
 Compressed Oops: Enabled (32-bit)
 Heap Region Size: 1M
 Heap Min Capacity: 8M
 Heap Initial Capacity: 188M
 Heap Max Capacity: 2G
 Pre-touch: Disabled
 Parallel Workers: 4
 Concurrent Workers: 1
 Concurrent Refinement Workers: 4
 Periodic GC: Disabled
Heap:
 garbage-first heap   total 156672K, used 106779K [0x0000000080000000, 0x0000000100000000)
  region size 1024K, 29 young (29696K), 6 survivors (6144K)
 Metaspace       used 105038K, committed 107200K, reserved 1179648K
  class space    used 14376K, committed 15424K, reserved 1048576K
GC Heap History (20 events):
Event: 12.172 GC heap before
{Heap before GC invocations=26 (full 0):
 garbage-first heap   total 106496K, used 92671K [0x0000000080000000, 0x0000000100000000)
  region size 1024K, 32 young (32768K), 5 survivors (5120K)
 Metaspace       used 78341K, committed 80128K, reserved 1179648K
  class space    used 10505K, committed 11392K, reserved 1048576K
}
Event: 12.178 GC heap after
{Heap after GC invocations=27 (full 0):
 garbage-first heap   total 128000K, used 65875K [0x0000000080000000, 0x0000000100000000)
  region size 1024K, 1 young (1024K), 1 survivors (1024K)
 Metaspace       used 78341K, committed 80128K, reserved 1179648K
  class space    used 10505K, committed 11392K, reserved 1048576K
}
Event: 12.719 GC heap before
{Heap before GC invocations=27 (full 0):
 garbage-first heap   total 128000K, used 106835K [0x0000000080000000, 0x0000000100000000)
  region size 1024K, 42 young (43008K), 1 survivors (1024K)
 Metaspace       used 82663K, committed 84608K, reserved 1179648K
  class space    used 11122K, committed 12096K, reserved 1048576K
}
Event: 12.722 GC heap after
{Heap after GC invocations=28 (full 0):
 garbage-first heap   total 128000K, used 68102K [0x0000000080000000, 0x0000000100000000)
  region size 1024K, 4 young (4096K), 4 survivors (4096K)
 Metaspace       used 82663K, committed 84608K, reserved 1179648K
  class space    used 11122K, committed 12096K, reserved 1048576K
}
Event: 12.724 GC heap before
{Heap before GC invocations=28 (full 0):
 garbage-first heap   total 128000K, used 68102K [0x0000000080000000, 0x0000000100000000)
  region size 1024K, 5 young (5120K), 4 survivors (4096K)
 Metaspace       used 82663K, committed 84608K, reserved 1179648K
  class space    used 11122K, committed 12096K, reserved 1048576K
}
Event: 12.728 GC heap after
{Heap after GC invocations=29 (full 0):
 garbage-first heap   total 128000K, used 68753K [0x0000000080000000, 0x0000000100000000)
  region size 1024K, 4 young (4096K), 4 survivors (4096K)
 Metaspace       used 82663K, committed 84608K, reserved 1179648K
  class space    used 11122K, committed 12096K, reserved 1048576K
}
Event: 13.160 GC heap before
{Heap before GC invocations=30 (full 0):
 garbage-first heap   total 128000K, used 108689K [0x0000000080000000, 0x0000000100000000)
  region size 1024K, 38 young (38912K), 4 survivors (4096K)
 Metaspace       used 84458K, committed 86400K, reserved 1179648K
  class space    used 11378K, committed 12352K, reserved 1048576K
}
Event: 13.167 GC heap after
{Heap after GC invocations=31 (full 0):
 garbage-first heap   total 128000K, used 73159K [0x0000000080000000, 0x0000000100000000)
  region size 1024K, 5 young (5120K), 5 survivors (5120K)
 Metaspace       used 84458K, committed 86400K, reserved 1179648K
  class space    used 11378K, committed 12352K, reserved 1048576K
}
Event: 13.571 GC heap before
{Heap before GC invocations=31 (full 0):
 garbage-first heap   total 128000K, used 106951K [0x0000000080000000, 0x0000000100000000)
  region size 1024K, 38 young (38912K), 5 survivors (5120K)
 Metaspace       used 87001K, committed 88896K, reserved 1179648K
  class space    used 11703K, committed 12672K, reserved 1048576K
}
Event: 13.578 GC heap after
{Heap after GC invocations=32 (full 0):
 garbage-first heap   total 128000K, used 73721K [0x0000000080000000, 0x0000000100000000)
  region size 1024K, 2 young (2048K), 2 survivors (2048K)
 Metaspace       used 87001K, committed 88896K, reserved 1179648K
  class space    used 11703K, committed 12672K, reserved 1048576K
}
Event: 13.894 GC heap before
{Heap before GC invocations=32 (full 0):
 garbage-first heap   total 128000K, used 108537K [0x0000000080000000, 0x0000000100000000)
  region size 1024K, 36 young (36864K), 2 survivors (2048K)
 Metaspace       used 88767K, committed 90688K, reserved 1179648K
  class space    used 11920K, committed 12864K, reserved 1048576K
}
Event: 13.903 GC heap after
{Heap after GC invocations=33 (full 0):
 garbage-first heap   total 128000K, used 77636K [0x0000000080000000, 0x0000000100000000)
  region size 1024K, 5 young (5120K), 5 survivors (5120K)
 Metaspace       used 88767K, committed 90688K, reserved 1179648K
  class space    used 11920K, committed 12864K, reserved 1048576K
}
Event: 14.323 GC heap before
{Heap before GC invocations=34 (full 0):
 garbage-first heap   total 130048K, used 111428K [0x0000000080000000, 0x0000000100000000)
  region size 1024K, 38 young (38912K), 5 survivors (5120K)
 Metaspace       used 91234K, committed 93184K, reserved 1179648K
  class space    used 12268K, committed 13248K, reserved 1048576K
}
Event: 14.331 GC heap after
{Heap after GC invocations=35 (full 0):
 garbage-first heap   total 130048K, used 79427K [0x0000000080000000, 0x0000000100000000)
  region size 1024K, 2 young (2048K), 2 survivors (2048K)
 Metaspace       used 91234K, committed 93184K, reserved 1179648K
  class space    used 12268K, committed 13248K, reserved 1048576K
}
Event: 14.822 GC heap before
{Heap before GC invocations=35 (full 0):
 garbage-first heap   total 130048K, used 114243K [0x0000000080000000, 0x0000000100000000)
  region size 1024K, 36 young (36864K), 2 survivors (2048K)
 Metaspace       used 94151K, committed 96128K, reserved 1179648K
  class space    used 12815K, committed 13824K, reserved 1048576K
}
Event: 15.064 GC heap after
{Heap after GC invocations=36 (full 0):
 garbage-first heap   total 156672K, used 78746K [0x0000000080000000, 0x0000000100000000)
  region size 1024K, 3 young (3072K), 3 survivors (3072K)
 Metaspace       used 94151K, committed 96128K, reserved 1179648K
  class space    used 12815K, committed 13824K, reserved 1048576K
}
Event: 15.899 GC heap before
{Heap before GC invocations=36 (full 0):
 garbage-first heap   total 156672K, used 131994K [0x0000000080000000, 0x0000000100000000)
  region size 1024K, 55 young (56320K), 3 survivors (3072K)
 Metaspace       used 98628K, committed 100672K, reserved 1179648K
  class space    used 13461K, committed 14464K, reserved 1048576K
}
Event: 15.905 GC heap after
{Heap after GC invocations=37 (full 0):
 garbage-first heap   total 156672K, used 81624K [0x0000000080000000, 0x0000000100000000)
  region size 1024K, 6 young (6144K), 6 survivors (6144K)
 Metaspace       used 98628K, committed 100672K, reserved 1179648K
  class space    used 13461K, committed 14464K, reserved 1048576K
}
Event: 16.627 GC heap before
{Heap before GC invocations=37 (full 0):
 garbage-first heap   total 156672K, used 134872K [0x0000000080000000, 0x0000000100000000)
  region size 1024K, 58 young (59392K), 6 survivors (6144K)
 Metaspace       used 103424K, committed 105600K, reserved 1179648K
  class space    used 14151K, committed 15232K, reserved 1048576K
}
Event: 16.636 GC heap after
{Heap after GC invocations=38 (full 0):
 garbage-first heap   total 156672K, used 84251K [0x0000000080000000, 0x0000000100000000)
  region size 1024K, 6 young (6144K), 6 survivors (6144K)
 Metaspace       used 103424K, committed 105600K, reserved 1179648K
  class space    used 14151K, committed 15232K, reserved 1048576K
}

