# JRE version: OpenJDK Runtime Environment (21.0.6) (build 21.0.6+-13355223-b631.42)
# Java VM: OpenJDK 64-Bit Server VM (21.0.6+-13355223-b631.42, mixed mode, tiered, compressed oops, compressed class ptrs, g1 gc, windows-amd64)
GC Precious Log:
 CardTable entry size: 512
 Card Set container configuration: InlinePtr #cards 5 size 8 Array Of Cards #cards 12 size 40 Howl #buckets 4 coarsen threshold 1843 Howl Bitmap #cards 512 size 80 coarsen threshold 460 Card regions per heap region 1 cards per card region 2048
 CPUs: 4 total, 4 available
 Memory: 11982M
 Large Page Support: Disabled
 NUMA Support: Disabled
 Compressed Oops: Enabled (32-bit)
 Heap Region Size: 1M
 Heap Min Capacity: 8M
 Heap Initial Capacity: 188M
 Heap Max Capacity: 2G
 Pre-touch: Disabled
 Parallel Workers: 4
 Concurrent Workers: 1
 Concurrent Refinement Workers: 4
 Periodic GC: Disabled
Heap:
 garbage-first heap   total 117760K, used 79872K [0x0000000080000000, 0x0000000100000000)
  region size 1024K, 16 young (16384K), 4 survivors (4096K)
 Metaspace       used 79432K, committed 81280K, reserved 1179648K
  class space    used 10719K, committed 11648K, reserved 1048576K
GC Heap History (20 events):
Event: 5.918 GC heap before
{Heap before GC invocations=16 (full 0):
 garbage-first heap   total 82944K, used 73594K [0x0000000080000000, 0x0000000100000000)
  region size 1024K, 37 young (37888K), 3 survivors (3072K)
 Metaspace       used 63337K, committed 64960K, reserved 1114112K
  class space    used 8673K, committed 9472K, reserved 1048576K
}
Event: 5.923 GC heap after
{Heap after GC invocations=17 (full 0):
 garbage-first heap   total 82944K, used 41231K [0x0000000080000000, 0x0000000100000000)
  region size 1024K, 5 young (5120K), 5 survivors (5120K)
 Metaspace       used 63337K, committed 64960K, reserved 1114112K
  class space    used 8673K, committed 9472K, reserved 1048576K
}
Event: 6.421 GC heap before
{Heap before GC invocations=17 (full 0):
 garbage-first heap   total 82944K, used 71951K [0x0000000080000000, 0x0000000100000000)
  region size 1024K, 35 young (35840K), 5 survivors (5120K)
 Metaspace       used 65811K, committed 67456K, reserved 1114112K
  class space    used 9010K, committed 9856K, reserved 1048576K
}
Event: 6.429 GC heap after
{Heap after GC invocations=18 (full 0):
 garbage-first heap   total 83968K, used 44523K [0x0000000080000000, 0x0000000100000000)
  region size 1024K, 5 young (5120K), 5 survivors (5120K)
 Metaspace       used 65811K, committed 67456K, reserved 1114112K
  class space    used 9010K, committed 9856K, reserved 1048576K
}
Event: 6.642 GC heap before
{Heap before GC invocations=18 (full 0):
 garbage-first heap   total 83968K, used 71147K [0x0000000080000000, 0x0000000100000000)
  region size 1024K, 32 young (32768K), 5 survivors (5120K)
 Metaspace       used 66082K, committed 67712K, reserved 1114112K
  class space    used 9010K, committed 9856K, reserved 1048576K
}
Event: 6.647 GC heap after
{Heap after GC invocations=19 (full 0):
 garbage-first heap   total 101376K, used 47943K [0x0000000080000000, 0x0000000100000000)
  region size 1024K, 4 young (4096K), 4 survivors (4096K)
 Metaspace       used 66082K, committed 67712K, reserved 1114112K
  class space    used 9010K, committed 9856K, reserved 1048576K
}
Event: 7.104 GC heap before
{Heap before GC invocations=20 (full 0):
 garbage-first heap   total 101376K, used 87879K [0x0000000080000000, 0x0000000100000000)
  region size 1024K, 44 young (45056K), 4 survivors (4096K)
 Metaspace       used 66536K, committed 68224K, reserved 1114112K
  class space    used 9037K, committed 9856K, reserved 1048576K
}
Event: 7.107 GC heap after
{Heap after GC invocations=21 (full 0):
 garbage-first heap   total 101376K, used 48888K [0x0000000080000000, 0x0000000100000000)
  region size 1024K, 4 young (4096K), 4 survivors (4096K)
 Metaspace       used 66536K, committed 68224K, reserved 1114112K
  class space    used 9037K, committed 9856K, reserved 1048576K
}
Event: 7.301 GC heap before
{Heap before GC invocations=21 (full 0):
 garbage-first heap   total 101376K, used 88824K [0x0000000080000000, 0x0000000100000000)
  region size 1024K, 44 young (45056K), 4 survivors (4096K)
 Metaspace       used 66605K, committed 68224K, reserved 1114112K
  class space    used 9037K, committed 9856K, reserved 1048576K
}
Event: 7.305 GC heap after
{Heap after GC invocations=22 (full 0):
 garbage-first heap   total 101376K, used 48714K [0x0000000080000000, 0x0000000100000000)
  region size 1024K, 4 young (4096K), 4 survivors (4096K)
 Metaspace       used 66605K, committed 68224K, reserved 1114112K
  class space    used 9037K, committed 9856K, reserved 1048576K
}
Event: 7.513 GC heap before
{Heap before GC invocations=22 (full 0):
 garbage-first heap   total 101376K, used 84554K [0x0000000080000000, 0x0000000100000000)
  region size 1024K, 40 young (40960K), 4 survivors (4096K)
 Metaspace       used 66888K, committed 68544K, reserved 1114112K
  class space    used 9076K, committed 9920K, reserved 1048576K
}
Event: 7.518 GC heap after
{Heap after GC invocations=23 (full 0):
 garbage-first heap   total 101376K, used 49481K [0x0000000080000000, 0x0000000100000000)
  region size 1024K, 4 young (4096K), 4 survivors (4096K)
 Metaspace       used 66888K, committed 68544K, reserved 1114112K
  class space    used 9076K, committed 9920K, reserved 1048576K
}
Event: 7.984 GC heap before
{Heap before GC invocations=24 (full 0):
 garbage-first heap   total 101376K, used 95561K [0x0000000080000000, 0x0000000100000000)
  region size 1024K, 43 young (44032K), 4 survivors (4096K)
 Metaspace       used 69631K, committed 71360K, reserved 1114112K
  class space    used 9436K, committed 10304K, reserved 1048576K
}
Event: 7.989 GC heap after
{Heap after GC invocations=25 (full 0):
 garbage-first heap   total 107520K, used 62458K [0x0000000080000000, 0x0000000100000000)
  region size 1024K, 6 young (6144K), 6 survivors (6144K)
 Metaspace       used 69631K, committed 71360K, reserved 1114112K
  class space    used 9436K, committed 10304K, reserved 1048576K
}
Event: 8.350 GC heap before
{Heap before GC invocations=25 (full 0):
 garbage-first heap   total 107520K, used 94202K [0x0000000080000000, 0x0000000100000000)
  region size 1024K, 38 young (38912K), 6 survivors (6144K)
 Metaspace       used 73173K, committed 74880K, reserved 1114112K
  class space    used 9831K, committed 10688K, reserved 1048576K
}
Event: 8.355 GC heap after
{Heap after GC invocations=26 (full 0):
 garbage-first heap   total 107520K, used 62768K [0x0000000080000000, 0x0000000100000000)
  region size 1024K, 1 young (1024K), 1 survivors (1024K)
 Metaspace       used 73173K, committed 74880K, reserved 1114112K
  class space    used 9831K, committed 10688K, reserved 1048576K
}
Event: 8.742 GC heap before
{Heap before GC invocations=26 (full 0):
 garbage-first heap   total 107520K, used 95536K [0x0000000080000000, 0x0000000100000000)
  region size 1024K, 34 young (34816K), 1 survivors (1024K)
 Metaspace       used 77170K, committed 78976K, reserved 1179648K
  class space    used 10408K, committed 11328K, reserved 1048576K
}
Event: 8.746 GC heap after
{Heap after GC invocations=27 (full 0):
 garbage-first heap   total 107520K, used 65640K [0x0000000080000000, 0x0000000100000000)
  region size 1024K, 4 young (4096K), 4 survivors (4096K)
 Metaspace       used 77170K, committed 78976K, reserved 1179648K
  class space    used 10408K, committed 11328K, reserved 1048576K
}
Event: 9.141 GC heap before
{Heap before GC invocations=28 (full 0):
 garbage-first heap   total 117760K, used 99432K [0x0000000080000000, 0x0000000100000000)
  region size 1024K, 33 young (33792K), 4 survivors (4096K)
 Metaspace       used 78563K, committed 80448K, reserved 1179648K
  class space    used 10600K, committed 11520K, reserved 1048576K
}
Event: 9.146 GC heap after
{Heap after GC invocations=29 (full 0):
 garbage-first heap   total 117760K, used 69632K [0x0000000080000000, 0x0000000100000000)
  region size 1024K, 4 young (4096K), 4 survivors (4096K)
 Metaspace       used 78563K, committed 80448K, reserved 1179648K
  class space    used 10600K, committed 11520K, reserved 1048576K
}

