# JRE version: OpenJDK Runtime Environment (21.0.6) (build 21.0.6+-13355223-b631.42)
# Java VM: OpenJDK 64-Bit Server VM (21.0.6+-13355223-b631.42, mixed mode, tiered, compressed oops, compressed class ptrs, g1 gc, windows-amd64)
GC Precious Log:
 CardTable entry size: 512
 Card Set container configuration: InlinePtr #cards 5 size 8 Array Of Cards #cards 12 size 40 Howl #buckets 4 coarsen threshold 1843 Howl Bitmap #cards 512 size 80 coarsen threshold 460 Card regions per heap region 1 cards per card region 2048
 CPUs: 4 total, 4 available
 Memory: 11982M
 Large Page Support: Disabled
 NUMA Support: Disabled
 Compressed Oops: Enabled (32-bit)
 Heap Region Size: 1M
 Heap Min Capacity: 8M
 Heap Initial Capacity: 188M
 Heap Max Capacity: 2G
 Pre-touch: Disabled
 Parallel Workers: 4
 Concurrent Workers: 1
 Concurrent Refinement Workers: 4
 Periodic GC: Disabled
Heap:
 garbage-first heap   total 419840K, used 376364K [0x0000000080000000, 0x0000000100000000)
  region size 1024K, 191 young (195584K), 23 survivors (23552K)
 Metaspace       used 151159K, committed 153536K, reserved 1245184K
  class space    used 20076K, committed 21248K, reserved 1048576K
GC Heap History (20 events):
Event: 83.848 GC heap after
{Heap after GC invocations=66 (full 0):
 garbage-first heap   total 306176K, used 148305K [0x0000000080000000, 0x0000000100000000)
  region size 1024K, 5 young (5120K), 5 survivors (5120K)
 Metaspace       used 149230K, committed 151616K, reserved 1179648K
  class space    used 20056K, committed 21248K, reserved 1048576K
}
Event: 85.117 GC heap before
{Heap before GC invocations=66 (full 0):
 garbage-first heap   total 306176K, used 196433K [0x0000000080000000, 0x0000000100000000)
  region size 1024K, 54 young (55296K), 5 survivors (5120K)
 Metaspace       used 149365K, committed 151744K, reserved 1179648K
  class space    used 20058K, committed 21248K, reserved 1048576K
}
Event: 85.122 GC heap after
{Heap after GC invocations=67 (full 0):
 garbage-first heap   total 306176K, used 149456K [0x0000000080000000, 0x0000000100000000)
  region size 1024K, 6 young (6144K), 6 survivors (6144K)
 Metaspace       used 149365K, committed 151744K, reserved 1179648K
  class space    used 20058K, committed 21248K, reserved 1048576K
}
Event: 104.760 GC heap before
{Heap before GC invocations=68 (full 0):
 garbage-first heap   total 306176K, used 301008K [0x0000000080000000, 0x0000000100000000)
  region size 1024K, 125 young (128000K), 6 survivors (6144K)
 Metaspace       used 149650K, committed 152064K, reserved 1245184K
  class space    used 20063K, committed 21248K, reserved 1048576K
}
Event: 104.788 GC heap after
{Heap after GC invocations=69 (full 0):
 garbage-first heap   total 333824K, used 172934K [0x0000000080000000, 0x0000000100000000)
  region size 1024K, 16 young (16384K), 16 survivors (16384K)
 Metaspace       used 149650K, committed 152064K, reserved 1245184K
  class space    used 20063K, committed 21248K, reserved 1048576K
}
Event: 106.590 GC heap before
{Heap before GC invocations=69 (full 0):
 garbage-first heap   total 333824K, used 310150K [0x0000000080000000, 0x0000000100000000)
  region size 1024K, 124 young (126976K), 16 survivors (16384K)
 Metaspace       used 149813K, committed 152192K, reserved 1245184K
  class space    used 20064K, committed 21248K, reserved 1048576K
}
Event: 106.622 GC heap after
{Heap after GC invocations=70 (full 0):
 garbage-first heap   total 353280K, used 166352K [0x0000000080000000, 0x0000000100000000)
  region size 1024K, 13 young (13312K), 13 survivors (13312K)
 Metaspace       used 149813K, committed 152192K, reserved 1245184K
  class space    used 20064K, committed 21248K, reserved 1048576K
}
Event: 106.920 GC heap before
{Heap before GC invocations=70 (full 0):
 garbage-first heap   total 353280K, used 172496K [0x0000000080000000, 0x0000000100000000)
  region size 1024K, 21 young (21504K), 13 survivors (13312K)
 Metaspace       used 149848K, committed 152192K, reserved 1245184K
  class space    used 20064K, committed 21248K, reserved 1048576K
}
Event: 106.928 GC heap after
{Heap after GC invocations=71 (full 0):
 garbage-first heap   total 353280K, used 168912K [0x0000000080000000, 0x0000000100000000)
  region size 1024K, 3 young (3072K), 3 survivors (3072K)
 Metaspace       used 149848K, committed 152192K, reserved 1245184K
  class space    used 20064K, committed 21248K, reserved 1048576K
}
Event: 186.821 GC heap before
{Heap before GC invocations=72 (full 0):
 garbage-first heap   total 353280K, used 338896K [0x0000000080000000, 0x0000000100000000)
  region size 1024K, 138 young (141312K), 3 survivors (3072K)
 Metaspace       used 150086K, committed 152448K, reserved 1245184K
  class space    used 20067K, committed 21248K, reserved 1048576K
}
Event: 186.849 GC heap after
{Heap after GC invocations=73 (full 0):
 garbage-first heap   total 377856K, used 203728K [0x0000000080000000, 0x0000000100000000)
  region size 1024K, 18 young (18432K), 18 survivors (18432K)
 Metaspace       used 150086K, committed 152448K, reserved 1245184K
  class space    used 20067K, committed 21248K, reserved 1048576K
}
Event: 188.438 GC heap before
{Heap before GC invocations=73 (full 0):
 garbage-first heap   total 377856K, used 369616K [0x0000000080000000, 0x0000000100000000)
  region size 1024K, 125 young (128000K), 18 survivors (18432K)
 Metaspace       used 150278K, committed 152704K, reserved 1245184K
  class space    used 20067K, committed 21248K, reserved 1048576K
}
Event: 188.452 GC heap after
{Heap after GC invocations=74 (full 0):
 garbage-first heap   total 388096K, used 187856K [0x0000000080000000, 0x0000000100000000)
  region size 1024K, 6 young (6144K), 6 survivors (6144K)
 Metaspace       used 150278K, committed 152704K, reserved 1245184K
  class space    used 20067K, committed 21248K, reserved 1048576K
}
Event: 328.615 GC heap before
{Heap before GC invocations=74 (full 0):
 garbage-first heap   total 388096K, used 278992K [0x0000000080000000, 0x0000000100000000)
  region size 1024K, 96 young (98304K), 6 survivors (6144K)
 Metaspace       used 150481K, committed 152832K, reserved 1245184K
  class space    used 20069K, committed 21248K, reserved 1048576K
}
Event: 328.628 GC heap after
{Heap after GC invocations=75 (full 0):
 garbage-first heap   total 388096K, used 197072K [0x0000000080000000, 0x0000000100000000)
  region size 1024K, 15 young (15360K), 15 survivors (15360K)
 Metaspace       used 150481K, committed 152832K, reserved 1245184K
  class space    used 20069K, committed 21248K, reserved 1048576K
}
Event: 330.910 GC heap before
{Heap before GC invocations=76 (full 0):
 garbage-first heap   total 388096K, used 374224K [0x0000000080000000, 0x0000000100000000)
  region size 1024K, 152 young (155648K), 15 survivors (15360K)
 Metaspace       used 150659K, committed 153024K, reserved 1245184K
  class space    used 20071K, committed 21248K, reserved 1048576K
}
Event: 330.915 GC heap after
{Heap after GC invocations=77 (full 0):
 garbage-first heap   total 388096K, used 165418K [0x0000000080000000, 0x0000000100000000)
  region size 1024K, 2 young (2048K), 2 survivors (2048K)
 Metaspace       used 150659K, committed 153024K, reserved 1245184K
  class space    used 20071K, committed 21248K, reserved 1048576K
}
Event: 396.129 GC heap before
{Heap before GC invocations=77 (full 0):
 garbage-first heap   total 388096K, used 377386K [0x0000000080000000, 0x0000000100000000)
  region size 1024K, 180 young (184320K), 2 survivors (2048K)
 Metaspace       used 150909K, committed 153280K, reserved 1245184K
  class space    used 20074K, committed 21248K, reserved 1048576K
}
Event: 396.143 GC heap after
{Heap after GC invocations=78 (full 0):
 garbage-first heap   total 392192K, used 171564K [0x0000000080000000, 0x0000000100000000)
  region size 1024K, 13 young (13312K), 13 survivors (13312K)
 Metaspace       used 150909K, committed 153280K, reserved 1245184K
  class space    used 20074K, committed 21248K, reserved 1048576K
}
Event: 432.495 GC heap before
{Heap before GC invocations=78 (full 0):
 garbage-first heap   total 392192K, used 375340K [0x0000000080000000, 0x0000000100000000)
  region size 1024K, 181 young (185344K), 13 survivors (13312K)
 Metaspace       used 151159K, committed 153536K, reserved 1245184K
  class space    used 20076K, committed 21248K, reserved 1048576K
}

