# JRE version: OpenJDK Runtime Environment (21.0.6) (build 21.0.6+-13355223-b631.42)
# Java VM: OpenJDK 64-Bit Server VM (21.0.6+-13355223-b631.42, mixed mode, tiered, compressed oops, compressed class ptrs, g1 gc, windows-amd64)
GC Precious Log:
 CardTable entry size: 512
 Card Set container configuration: InlinePtr #cards 5 size 8 Array Of Cards #cards 12 size 40 Howl #buckets 4 coarsen threshold 1843 Howl Bitmap #cards 512 size 80 coarsen threshold 460 Card regions per heap region 1 cards per card region 2048
 CPUs: 4 total, 4 available
 Memory: 11982M
 Large Page Support: Disabled
 NUMA Support: Disabled
 Compressed Oops: Enabled (32-bit)
 Heap Region Size: 1M
 Heap Min Capacity: 8M
 Heap Initial Capacity: 188M
 Heap Max Capacity: 2G
 Pre-touch: Disabled
 Parallel Workers: 4
 Concurrent Workers: 1
 Concurrent Refinement Workers: 4
 Periodic GC: Disabled
Heap:
 garbage-first heap   total 132096K, used 115201K [0x0000000080000000, 0x0000000100000000)
  region size 1024K, 42 young (43008K), 5 survivors (5120K)
 Metaspace       used 98683K, committed 100800K, reserved 1179648K
  class space    used 13565K, committed 14656K, reserved 1048576K
GC Heap History (20 events):
Event: 11.876 GC heap before
{Heap before GC invocations=24 (full 0):
 garbage-first heap   total 100352K, used 94332K [0x0000000080000000, 0x0000000100000000)
  region size 1024K, 42 young (43008K), 4 survivors (4096K)
 Metaspace       used 69478K, committed 71232K, reserved 1114112K
  class space    used 9410K, committed 10240K, reserved 1048576K
}
Event: 11.881 GC heap after
{Heap after GC invocations=25 (full 0):
 garbage-first heap   total 106496K, used 61735K [0x0000000080000000, 0x0000000100000000)
  region size 1024K, 6 young (6144K), 6 survivors (6144K)
 Metaspace       used 69478K, committed 71232K, reserved 1114112K
  class space    used 9410K, committed 10240K, reserved 1048576K
}
Event: 12.330 GC heap before
{Heap before GC invocations=25 (full 0):
 garbage-first heap   total 106496K, used 92455K [0x0000000080000000, 0x0000000100000000)
  region size 1024K, 37 young (37888K), 6 survivors (6144K)
 Metaspace       used 72641K, committed 74432K, reserved 1114112K
  class space    used 9768K, committed 10624K, reserved 1048576K
}
Event: 12.335 GC heap after
{Heap after GC invocations=26 (full 0):
 garbage-first heap   total 106496K, used 61741K [0x0000000080000000, 0x0000000100000000)
  region size 1024K, 2 young (2048K), 2 survivors (2048K)
 Metaspace       used 72641K, committed 74432K, reserved 1114112K
  class space    used 9768K, committed 10624K, reserved 1048576K
}
Event: 12.801 GC heap before
{Heap before GC invocations=26 (full 0):
 garbage-first heap   total 106496K, used 94509K [0x0000000080000000, 0x0000000100000000)
  region size 1024K, 34 young (34816K), 2 survivors (2048K)
 Metaspace       used 76572K, committed 78400K, reserved 1179648K
  class space    used 10331K, committed 11264K, reserved 1048576K
}
Event: 12.805 GC heap after
{Heap after GC invocations=27 (full 0):
 garbage-first heap   total 106496K, used 63710K [0x0000000080000000, 0x0000000100000000)
  region size 1024K, 4 young (4096K), 4 survivors (4096K)
 Metaspace       used 76572K, committed 78400K, reserved 1179648K
  class space    used 10331K, committed 11264K, reserved 1048576K
}
Event: 13.265 GC heap before
{Heap before GC invocations=28 (full 0):
 garbage-first heap   total 109568K, used 98526K [0x0000000080000000, 0x0000000100000000)
  region size 1024K, 34 young (34816K), 4 survivors (4096K)
 Metaspace       used 78380K, committed 80192K, reserved 1179648K
  class space    used 10569K, committed 11456K, reserved 1048576K
}
Event: 13.271 GC heap after
{Heap after GC invocations=29 (full 0):
 garbage-first heap   total 109568K, used 68001K [0x0000000080000000, 0x0000000100000000)
  region size 1024K, 5 young (5120K), 5 survivors (5120K)
 Metaspace       used 78380K, committed 80192K, reserved 1179648K
  class space    used 10569K, committed 11456K, reserved 1048576K
}
Event: 13.684 GC heap before
{Heap before GC invocations=29 (full 0):
 garbage-first heap   total 109568K, used 97697K [0x0000000080000000, 0x0000000100000000)
  region size 1024K, 34 young (34816K), 5 survivors (5120K)
 Metaspace       used 80656K, committed 82496K, reserved 1179648K
  class space    used 10861K, committed 11776K, reserved 1048576K
}
Event: 13.690 GC heap after
{Heap after GC invocations=30 (full 0):
 garbage-first heap   total 132096K, used 69464K [0x0000000080000000, 0x0000000100000000)
  region size 1024K, 2 young (2048K), 2 survivors (2048K)
 Metaspace       used 80656K, committed 82496K, reserved 1179648K
  class space    used 10861K, committed 11776K, reserved 1048576K
}
Event: 14.287 GC heap before
{Heap before GC invocations=30 (full 0):
 garbage-first heap   total 132096K, used 114520K [0x0000000080000000, 0x0000000100000000)
  region size 1024K, 46 young (47104K), 2 survivors (2048K)
 Metaspace       used 83162K, committed 84992K, reserved 1179648K
  class space    used 11178K, committed 12096K, reserved 1048576K
}
Event: 14.294 GC heap after
{Heap after GC invocations=31 (full 0):
 garbage-first heap   total 132096K, used 73728K [0x0000000080000000, 0x0000000100000000)
  region size 1024K, 6 young (6144K), 6 survivors (6144K)
 Metaspace       used 83162K, committed 84992K, reserved 1179648K
  class space    used 11178K, committed 12096K, reserved 1048576K
}
Event: 14.604 GC heap before
{Heap before GC invocations=31 (full 0):
 garbage-first heap   total 132096K, used 97280K [0x0000000080000000, 0x0000000100000000)
  region size 1024K, 30 young (30720K), 6 survivors (6144K)
 Metaspace       used 84942K, committed 86784K, reserved 1179648K
  class space    used 11430K, committed 12352K, reserved 1048576K
}
Event: 14.610 GC heap after
{Heap after GC invocations=32 (full 0):
 garbage-first heap   total 132096K, used 75335K [0x0000000080000000, 0x0000000100000000)
  region size 1024K, 2 young (2048K), 2 survivors (2048K)
 Metaspace       used 84942K, committed 86784K, reserved 1179648K
  class space    used 11430K, committed 12352K, reserved 1048576K
}
Event: 15.500 GC heap before
{Heap before GC invocations=33 (full 0):
 garbage-first heap   total 132096K, used 119367K [0x0000000080000000, 0x0000000100000000)
  region size 1024K, 44 young (45056K), 2 survivors (2048K)
 Metaspace       used 88362K, committed 90304K, reserved 1179648K
  class space    used 12047K, committed 12992K, reserved 1048576K
}
Event: 15.504 GC heap after
{Heap after GC invocations=34 (full 0):
 garbage-first heap   total 132096K, used 76009K [0x0000000080000000, 0x0000000100000000)
  region size 1024K, 3 young (3072K), 3 survivors (3072K)
 Metaspace       used 88362K, committed 90304K, reserved 1179648K
  class space    used 12047K, committed 12992K, reserved 1048576K
}
Event: 16.328 GC heap before
{Heap before GC invocations=34 (full 0):
 garbage-first heap   total 132096K, used 119017K [0x0000000080000000, 0x0000000100000000)
  region size 1024K, 45 young (46080K), 3 survivors (3072K)
 Metaspace       used 91942K, committed 93952K, reserved 1179648K
  class space    used 12558K, committed 13568K, reserved 1048576K
}
Event: 16.333 GC heap after
{Heap after GC invocations=35 (full 0):
 garbage-first heap   total 132096K, used 75898K [0x0000000080000000, 0x0000000100000000)
  region size 1024K, 5 young (5120K), 5 survivors (5120K)
 Metaspace       used 91942K, committed 93952K, reserved 1179648K
  class space    used 12558K, committed 13568K, reserved 1048576K
}
Event: 17.218 GC heap before
{Heap before GC invocations=35 (full 0):
 garbage-first heap   total 132096K, used 118906K [0x0000000080000000, 0x0000000100000000)
  region size 1024K, 47 young (48128K), 5 survivors (5120K)
 Metaspace       used 95321K, committed 97344K, reserved 1179648K
  class space    used 13057K, committed 14080K, reserved 1048576K
}
Event: 17.225 GC heap after
{Heap after GC invocations=36 (full 0):
 garbage-first heap   total 132096K, used 78337K [0x0000000080000000, 0x0000000100000000)
  region size 1024K, 5 young (5120K), 5 survivors (5120K)
 Metaspace       used 95321K, committed 97344K, reserved 1179648K
  class space    used 13057K, committed 14080K, reserved 1048576K
}

